---------------------------------------------------------------------------------------------------------
      name:  <unnamed>
       log:  I:\personal\zew_interns\p-schmit\WOEK\Final Paper Versions\Figures\Figure 2\Figure2&3.log
  log type:  text
 opened on:  20 May 2015, 11:44:52

. 
. 
. * Regressions for Figure 2 *
. 
. ttest effort2==effort1 if treatment_id==11, level(90) unp

Two-sample t test with equal variances
------------------------------------------------------------------------------
Variable |     Obs        Mean    Std. Err.   Std. Dev.   [90% Conf. Interval]
---------+--------------------------------------------------------------------
 effort2 |      60    19.78333    1.668941    12.92756    16.99438    22.57229
 effort1 |      60    16.58333    1.614603    12.50666    13.88518    19.28149
---------+--------------------------------------------------------------------
combined |     120    18.18333    1.165445    12.76681    16.25131    20.11536
---------+--------------------------------------------------------------------
    diff |                 3.2    2.322134               -.6497954    7.049795
------------------------------------------------------------------------------
    diff = mean(effort2) - mean(effort1)                          t =   1.3780
Ho: diff = 0                                     degrees of freedom =      118

    Ha: diff < 0                 Ha: diff != 0                 Ha: diff > 0
 Pr(T < t) = 0.9146         Pr(|T| > |t|) = 0.1708          Pr(T > t) = 0.0854

. ttest effort2==effort1 if treatment_id==12, level(90) unp

Two-sample t test with equal variances
------------------------------------------------------------------------------
Variable |     Obs        Mean    Std. Err.   Std. Dev.   [90% Conf. Interval]
---------+--------------------------------------------------------------------
 effort2 |      60    24.38333    1.685614    13.05671    21.56652    27.20015
 effort1 |      60    18.86667    1.821167     14.1067    15.82333    21.91001
---------+--------------------------------------------------------------------
combined |     120      21.625    1.261144    13.81514    19.53433    23.71567
---------+--------------------------------------------------------------------
    diff |            5.516667     2.48152                 1.40263    9.630703
------------------------------------------------------------------------------
    diff = mean(effort2) - mean(effort1)                          t =   2.2231
Ho: diff = 0                                     degrees of freedom =      118

    Ha: diff < 0                 Ha: diff != 0                 Ha: diff > 0
 Pr(T < t) = 0.9859         Pr(|T| > |t|) = 0.0281          Pr(T > t) = 0.0141

. ttest effort2==effort1 if treatment_id==13, level(90) unp

Two-sample t test with equal variances
------------------------------------------------------------------------------
Variable |     Obs        Mean    Std. Err.   Std. Dev.   [90% Conf. Interval]
---------+--------------------------------------------------------------------
 effort2 |      56    32.21429    1.320103    9.878745    30.00571    34.42286
 effort1 |      56    21.94643    1.710058     12.7969    19.08544    24.80741
---------+--------------------------------------------------------------------
combined |     112    27.08036    1.180544     12.4937    25.12219    29.03852
---------+--------------------------------------------------------------------
    diff |            10.26786    2.160317                6.684271    13.85144
------------------------------------------------------------------------------
    diff = mean(effort2) - mean(effort1)                          t =   4.7529
Ho: diff = 0                                     degrees of freedom =      110

    Ha: diff < 0                 Ha: diff != 0                 Ha: diff > 0
 Pr(T < t) = 1.0000         Pr(|T| > |t|) = 0.0000          Pr(T > t) = 0.0000

. ttest effort2==effort1 if treatment_id==14, level(90) unp

Two-sample t test with equal variances
------------------------------------------------------------------------------
Variable |     Obs        Mean    Std. Err.   Std. Dev.   [90% Conf. Interval]
---------+--------------------------------------------------------------------
 effort2 |      56    24.69643    1.833299    13.71916    21.62926     27.7636
 effort1 |      56    20.28571    1.528456    11.43792    17.72856    22.84287
---------+--------------------------------------------------------------------
combined |     112    22.49107    1.206348    12.76679     20.4901    24.49204
---------+--------------------------------------------------------------------
    diff |            4.410714    2.386873                .4513109    8.370118
------------------------------------------------------------------------------
    diff = mean(effort2) - mean(effort1)                          t =   1.8479
Ho: diff = 0                                     degrees of freedom =      110

    Ha: diff < 0                 Ha: diff != 0                 Ha: diff > 0
 Pr(T < t) = 0.9663         Pr(|T| > |t|) = 0.0673          Pr(T > t) = 0.0337

. 
. ttest effort2==effort1 if treatment_id==21, level(90) unp

Two-sample t test with equal variances
------------------------------------------------------------------------------
Variable |     Obs        Mean    Std. Err.   Std. Dev.   [90% Conf. Interval]
---------+--------------------------------------------------------------------
 effort2 |      56    15.89286    1.614399    12.08106    13.19191     18.5938
 effort1 |      56    16.78571    1.562282    11.69104    14.17196    19.39946
---------+--------------------------------------------------------------------
combined |     112    16.33929    1.119009    11.84247    14.48319    18.19538
---------+--------------------------------------------------------------------
    diff |           -.8928571    2.246555               -4.619497    2.833782
------------------------------------------------------------------------------
    diff = mean(effort2) - mean(effort1)                          t =  -0.3974
Ho: diff = 0                                     degrees of freedom =      110

    Ha: diff < 0                 Ha: diff != 0                 Ha: diff > 0
 Pr(T < t) = 0.3459         Pr(|T| > |t|) = 0.6918          Pr(T > t) = 0.6541

. ttest effort2==effort1 if treatment_id==22, level(90) unp

Two-sample t test with equal variances
------------------------------------------------------------------------------
Variable |     Obs        Mean    Std. Err.   Std. Dev.   [90% Conf. Interval]
---------+--------------------------------------------------------------------
 effort2 |      56    15.66071    1.323925    9.907347    13.44574    17.87569
 effort1 |      56    15.98214    1.430305    10.70343    13.58919    18.37509
---------+--------------------------------------------------------------------
combined |     112    15.82143    .9702139    10.26778    14.21214    17.43072
---------+--------------------------------------------------------------------
    diff |           -.3214286    1.948987               -3.554455    2.911598
------------------------------------------------------------------------------
    diff = mean(effort2) - mean(effort1)                          t =  -0.1649
Ho: diff = 0                                     degrees of freedom =      110

    Ha: diff < 0                 Ha: diff != 0                 Ha: diff > 0
 Pr(T < t) = 0.4347         Pr(|T| > |t|) = 0.8693          Pr(T > t) = 0.5653

. ttest effort2==effort1 if treatment_id==23, level(90) unp

Two-sample t test with equal variances
------------------------------------------------------------------------------
Variable |     Obs        Mean    Std. Err.   Std. Dev.   [90% Conf. Interval]
---------+--------------------------------------------------------------------
 effort2 |      60        25.5    1.763327    13.65867    22.55332    28.44668
 effort1 |      60    17.83333    1.406234    10.89265    15.48338    20.18328
---------+--------------------------------------------------------------------
combined |     120    21.66667    1.176648    12.88953    19.71607    23.61727
---------+--------------------------------------------------------------------
    diff |            7.666667    2.255397                3.927512    11.40582
------------------------------------------------------------------------------
    diff = mean(effort2) - mean(effort1)                          t =   3.3993
Ho: diff = 0                                     degrees of freedom =      118

    Ha: diff < 0                 Ha: diff != 0                 Ha: diff > 0
 Pr(T < t) = 0.9995         Pr(|T| > |t|) = 0.0009          Pr(T > t) = 0.0005

. ttest effort2==effort1 if treatment_id==24, level(90) unp

Two-sample t test with equal variances
------------------------------------------------------------------------------
Variable |     Obs        Mean    Std. Err.   Std. Dev.   [90% Conf. Interval]
---------+--------------------------------------------------------------------
 effort2 |      68    18.77941    1.118102    9.220104    16.91451    20.64431
 effort1 |      68    17.91176     1.25392    10.34009    15.82033     20.0032
---------+--------------------------------------------------------------------
combined |     136    18.34559    .8377256    9.769475    16.95813    19.73305
---------+--------------------------------------------------------------------
    diff |            .8676471     1.68002               -1.914978    3.650272
------------------------------------------------------------------------------
    diff = mean(effort2) - mean(effort1)                          t =   0.5165
Ho: diff = 0                                     degrees of freedom =      134

    Ha: diff < 0                 Ha: diff != 0                 Ha: diff > 0
 Pr(T < t) = 0.6968         Pr(|T| > |t|) = 0.6064          Pr(T > t) = 0.3032

. 
. 
. * Regressions for Figure 3 *
. 
. ttest effort3==effort1 if treatment_id==11, level(90) unp

Two-sample t test with equal variances
------------------------------------------------------------------------------
Variable |     Obs        Mean    Std. Err.   Std. Dev.   [90% Conf. Interval]
---------+--------------------------------------------------------------------
 effort3 |      60        17.1    1.648266    12.76741    14.34559    19.85441
 effort1 |      60    16.58333    1.614603    12.50666    13.88518    19.28149
---------+--------------------------------------------------------------------
combined |     120    16.84167    1.149046    12.58717    14.93682    18.74651
---------+--------------------------------------------------------------------
    diff |            .5166667     2.30732               -3.308568    4.341902
------------------------------------------------------------------------------
    diff = mean(effort3) - mean(effort1)                          t =   0.2239
Ho: diff = 0                                     degrees of freedom =      118

    Ha: diff < 0                 Ha: diff != 0                 Ha: diff > 0
 Pr(T < t) = 0.5884         Pr(|T| > |t|) = 0.8232          Pr(T > t) = 0.4116

. ttest effort3==effort1 if treatment_id==12, level(90) unp

Two-sample t test with equal variances
------------------------------------------------------------------------------
Variable |     Obs        Mean    Std. Err.   Std. Dev.   [90% Conf. Interval]
---------+--------------------------------------------------------------------
 effort3 |      60        22.6    1.920481    14.87598     19.3907     25.8093
 effort1 |      60    18.86667    1.821167     14.1067    15.82333    21.91001
---------+--------------------------------------------------------------------
combined |     120    20.73333     1.32883     14.5566    18.53045    22.93621
---------+--------------------------------------------------------------------
    diff |            3.733333    2.646676               -.6545109    8.121178
------------------------------------------------------------------------------
    diff = mean(effort3) - mean(effort1)                          t =   1.4106
Ho: diff = 0                                     degrees of freedom =      118

    Ha: diff < 0                 Ha: diff != 0                 Ha: diff > 0
 Pr(T < t) = 0.9195         Pr(|T| > |t|) = 0.1610          Pr(T > t) = 0.0805

. ttest effort3==effort1 if treatment_id==13, level(90) unp

Two-sample t test with equal variances
------------------------------------------------------------------------------
Variable |     Obs        Mean    Std. Err.   Std. Dev.   [90% Conf. Interval]
---------+--------------------------------------------------------------------
 effort3 |      56    25.08929    2.079004    15.55784    21.61104    28.56753
 effort1 |      56    21.94643    1.710058     12.7969    19.08544    24.80741
---------+--------------------------------------------------------------------
combined |     112    23.51786    1.348171     14.2677    21.28165    25.75406
---------+--------------------------------------------------------------------
    diff |            3.142857    2.691943               -1.322603    7.608317
------------------------------------------------------------------------------
    diff = mean(effort3) - mean(effort1)                          t =   1.1675
Ho: diff = 0                                     degrees of freedom =      110

    Ha: diff < 0                 Ha: diff != 0                 Ha: diff > 0
 Pr(T < t) = 0.8772         Pr(|T| > |t|) = 0.2455          Pr(T > t) = 0.1228

. ttest effort3==effort1 if treatment_id==14, level(90) unp

Two-sample t test with equal variances
------------------------------------------------------------------------------
Variable |     Obs        Mean    Std. Err.   Std. Dev.   [90% Conf. Interval]
---------+--------------------------------------------------------------------
 effort3 |      56    21.76786    2.021153    15.12492     18.3864    25.14931
 effort1 |      56    20.28571    1.528456    11.43792    17.72856    22.84287
---------+--------------------------------------------------------------------
combined |     112    21.02679    1.263248    13.36896    18.93144    23.12213
---------+--------------------------------------------------------------------
    diff |            1.482143    2.534016               -2.721344     5.68563
------------------------------------------------------------------------------
    diff = mean(effort3) - mean(effort1)                          t =   0.5849
Ho: diff = 0                                     degrees of freedom =      110

    Ha: diff < 0                 Ha: diff != 0                 Ha: diff > 0
 Pr(T < t) = 0.7201         Pr(|T| > |t|) = 0.5598          Pr(T > t) = 0.2799

. 
. ttest effort3==effort1 if treatment_id==21, level(90) unp

Two-sample t test with equal variances
------------------------------------------------------------------------------
Variable |     Obs        Mean    Std. Err.   Std. Dev.   [90% Conf. Interval]
---------+--------------------------------------------------------------------
 effort3 |      56    15.71429    1.694666    12.68172    12.87905    18.54952
 effort1 |      56    16.78571    1.562282    11.69104    14.17196    19.39946
---------+--------------------------------------------------------------------
combined |     112       16.25    1.148379     12.1533    14.34519    18.15481
---------+--------------------------------------------------------------------
    diff |           -1.071429    2.304911               -4.894871    2.752014
------------------------------------------------------------------------------
    diff = mean(effort3) - mean(effort1)                          t =  -0.4648
Ho: diff = 0                                     degrees of freedom =      110

    Ha: diff < 0                 Ha: diff != 0                 Ha: diff > 0
 Pr(T < t) = 0.3215         Pr(|T| > |t|) = 0.6430          Pr(T > t) = 0.6785

. ttest effort3==effort1 if treatment_id==22, level(90) unp

Two-sample t test with equal variances
------------------------------------------------------------------------------
Variable |     Obs        Mean    Std. Err.   Std. Dev.   [90% Conf. Interval]
---------+--------------------------------------------------------------------
 effort3 |      56    15.51786    1.127862    8.440144    13.63091    17.40481
 effort1 |      56    15.98214    1.430305    10.70343    13.58919    18.37509
---------+--------------------------------------------------------------------
combined |     112       15.75    .9069037    9.597766    14.24572    17.25428
---------+--------------------------------------------------------------------
    diff |           -.4642857    1.821495               -3.485826    2.557255
------------------------------------------------------------------------------
    diff = mean(effort3) - mean(effort1)                          t =  -0.2549
Ho: diff = 0                                     degrees of freedom =      110

    Ha: diff < 0                 Ha: diff != 0                 Ha: diff > 0
 Pr(T < t) = 0.3996         Pr(|T| > |t|) = 0.7993          Pr(T > t) = 0.6004

. ttest effort3==effort1 if treatment_id==23, level(90) unp

Two-sample t test with equal variances
------------------------------------------------------------------------------
Variable |     Obs        Mean    Std. Err.   Std. Dev.   [90% Conf. Interval]
---------+--------------------------------------------------------------------
 effort3 |      60        20.9    1.445371    11.19579    18.48465    23.31535
 effort1 |      60    17.83333    1.406234    10.89265    15.48338    20.18328
---------+--------------------------------------------------------------------
combined |     120    19.36667    1.013835    11.10601    17.68597    21.04736
---------+--------------------------------------------------------------------
    diff |            3.066667    2.016579               -.2765584    6.409892
------------------------------------------------------------------------------
    diff = mean(effort3) - mean(effort1)                          t =   1.5207
Ho: diff = 0                                     degrees of freedom =      118

    Ha: diff < 0                 Ha: diff != 0                 Ha: diff > 0
 Pr(T < t) = 0.9345         Pr(|T| > |t|) = 0.1310          Pr(T > t) = 0.0655

. ttest effort3==effort1 if treatment_id==24, level(90) unp                                              
>                                                                                  

Two-sample t test with equal variances
------------------------------------------------------------------------------
Variable |     Obs        Mean    Std. Err.   Std. Dev.   [90% Conf. Interval]
---------+--------------------------------------------------------------------
 effort3 |      68        17.5     1.28722    10.61469    15.35302    19.64698
 effort1 |      68    17.91176     1.25392    10.34009    15.82033     20.0032
---------+--------------------------------------------------------------------
combined |     136    17.70588    .8953473    10.44145    16.22299    19.18877
---------+--------------------------------------------------------------------
    diff |           -.4117647    1.797012               -3.388164    2.564634
------------------------------------------------------------------------------
    diff = mean(effort3) - mean(effort1)                          t =  -0.2291
Ho: diff = 0                                     degrees of freedom =      134

    Ha: diff < 0                 Ha: diff != 0                 Ha: diff > 0
 Pr(T < t) = 0.4096         Pr(|T| > |t|) = 0.8191          Pr(T > t) = 0.5904

. 
. 
. log close
      name:  <unnamed>
       log:  I:\personal\zew_interns\p-schmit\WOEK\Final Paper Versions\Figures\Figure 2\Figure2&3.log
  log type:  text
 closed on:  20 May 2015, 11:44:52
---------------------------------------------------------------------------------------------------------
