This is pdfTeX, Version 3.14159265-2.6-1.40.18 (TeX Live 2017/W32TeX) (preloaded format=pdflatex 2017.7.12)  10 AUG 2017 17:34
entering extended mode
 restricted \write18 enabled.
 %&-line parsing enabled.
**./Creativity_Bradler_et_al.tex
(./Creativity_Bradler_et_al.tex
LaTeX2e <2017-04-15>
Babel <3.12> and hyphenation patterns for 84 language(s) loaded.
(c:/Program Files/texlive/2017/texmf-dist/tex/latex/base/article.cls
Document Class: article 2014/09/29 v1.4h Standard LaTeX document class
(c:/Program Files/texlive/2017/texmf-dist/tex/latex/base/size12.clo
File: size12.clo 2014/09/29 v1.4h Standard LaTeX file (size option)
)
\c@part=\count79
\c@section=\count80
\c@subsection=\count81
\c@subsubsection=\count82
\c@paragraph=\count83
\c@subparagraph=\count84
\c@figure=\count85
\c@table=\count86
\abovecaptionskip=\skip41
\belowcaptionskip=\skip42
\bibindent=\dimen102
)
(c:/Program Files/texlive/2017/texmf-dist/tex/latex/subfig/subfig.sty
Package: subfig 2005/06/28 ver: 1.3 subfig package

(c:/Program Files/texlive/2017/texmf-dist/tex/latex/graphics/keyval.sty
Package: keyval 2014/10/28 v1.15 key=value parser (DPC)
\KV@toks@=\toks14
)
(c:/Program Files/texlive/2017/texmf-dist/tex/latex/caption/caption.sty
Package: caption 2016/02/21 v3.3-144 Customizing captions (AR)

(c:/Program Files/texlive/2017/texmf-dist/tex/latex/caption/caption3.sty
Package: caption3 2016/05/22 v1.7-166 caption3 kernel (AR)
Package caption3 Info: TeX engine: e-TeX on input line 67.
\captionmargin=\dimen103
\captionmargin@=\dimen104
\captionwidth=\dimen105
\caption@tempdima=\dimen106
\caption@indent=\dimen107
\caption@parindent=\dimen108
\caption@hangindent=\dimen109
)
\c@ContinuedFloat=\count87
)
\c@KVtest=\count88
\sf@farskip=\skip43
\sf@captopadj=\dimen110
\sf@capskip=\skip44
\sf@nearskip=\skip45
\c@subfigure=\count89
\c@subfigure@save=\count90
\c@lofdepth=\count91
\c@subtable=\count92
\c@subtable@save=\count93
\c@lotdepth=\count94
\sf@top=\skip46
\sf@bottom=\skip47
)
(c:/Program Files/texlive/2017/texmf-dist/tex/generic/babel/babel.sty
Package: babel 2017/06/29 3.12 The Babel package

(c:/Program Files/texlive/2017/texmf-dist/tex/generic/babel/switch.def
File: switch.def 2017/06/29 3.12 Babel switching mechanism
)
(c:/Program Files/texlive/2017/texmf-dist/tex/generic/babel-english/english.ldf
Language: english 2017/06/06 v3.3r English support from the babel system
(c:/Program Files/texlive/2017/texmf-dist/tex/generic/babel/babel.def
File: babel.def 2017/06/29 3.12 Babel common definitions

(c:/Program Files/texlive/2017/texmf-dist/tex/generic/babel/switch.def
File: switch.def 2017/06/29 3.12 Babel switching mechanism
)
\babel@savecnt=\count95
\U@D=\dimen111
)
\l@canadian = a dialect from \language\l@american 
\l@australian = a dialect from \language\l@british 
\l@newzealand = a dialect from \language\l@british 
))
(c:/Program Files/texlive/2017/texmf-dist/tex/latex/base/fontenc.sty
Package: fontenc 2017/04/05 v2.0i Standard LaTeX package

(c:/Program Files/texlive/2017/texmf-dist/tex/latex/base/t1enc.def
File: t1enc.def 2017/04/05 v2.0i Standard LaTeX file
LaTeX Font Info:    Redeclaring font encoding T1 on input line 48.
))
(c:/Program Files/texlive/2017/texmf-dist/tex/latex/graphics/graphicx.sty
Package: graphicx 2017/06/01 v1.1a Enhanced LaTeX Graphics (DPC,SPQR)

(c:/Program Files/texlive/2017/texmf-dist/tex/latex/graphics/graphics.sty
Package: graphics 2017/06/25 v1.2c Standard LaTeX Graphics (DPC,SPQR)

(c:/Program Files/texlive/2017/texmf-dist/tex/latex/graphics/trig.sty
Package: trig 2016/01/03 v1.10 sin cos tan (DPC)
)
(c:/Program Files/texlive/2017/texmf-dist/tex/latex/graphics-cfg/graphics.cfg
File: graphics.cfg 2016/06/04 v1.11 sample graphics configuration
)
Package graphics Info: Driver file: pdftex.def on input line 99.

(c:/Program Files/texlive/2017/texmf-dist/tex/latex/graphics-def/pdftex.def
File: pdftex.def 2017/06/24 v1.0g Graphics/color driver for pdftex
))
\Gin@req@height=\dimen112
\Gin@req@width=\dimen113
)
(c:/Program Files/texlive/2017/texmf-dist/tex/latex/pdfpages/pdfpages.sty
Package: pdfpages 2017/06/14 v0.5i Insert pages of external PDF documents (AM)

(c:/Program Files/texlive/2017/texmf-dist/tex/latex/base/ifthen.sty
Package: ifthen 2014/09/29 v1.1c Standard LaTeX ifthen package (DPC)
)
(c:/Program Files/texlive/2017/texmf-dist/tex/latex/tools/calc.sty
Package: calc 2014/10/28 v4.3 Infix arithmetic (KKT,FJ)
\calc@Acount=\count96
\calc@Bcount=\count97
\calc@Adimen=\dimen114
\calc@Bdimen=\dimen115
\calc@Askip=\skip48
\calc@Bskip=\skip49
LaTeX Info: Redefining \setlength on input line 80.
LaTeX Info: Redefining \addtolength on input line 81.
\calc@Ccount=\count98
\calc@Cskip=\skip50
)
(c:/Program Files/texlive/2017/texmf-dist/tex/latex/eso-pic/eso-pic.sty
Package: eso-pic 2015/07/21 v2.0g eso-pic (RN)

(c:/Program Files/texlive/2017/texmf-dist/tex/generic/oberdiek/atbegshi.sty
Package: atbegshi 2016/06/09 v1.18 At begin shipout hook (HO)

(c:/Program Files/texlive/2017/texmf-dist/tex/generic/oberdiek/infwarerr.sty
Package: infwarerr 2016/05/16 v1.4 Providing info/warning/error messages (HO)
)
(c:/Program Files/texlive/2017/texmf-dist/tex/generic/oberdiek/ltxcmds.sty
Package: ltxcmds 2016/05/16 v1.23 LaTeX kernel commands for general use (HO)
)
(c:/Program Files/texlive/2017/texmf-dist/tex/generic/oberdiek/ifpdf.sty
Package: ifpdf 2017/03/15 v3.2 Provides the ifpdf switch
))
(c:/Program Files/texlive/2017/texmf-dist/tex/latex/xcolor/xcolor.sty
Package: xcolor 2016/05/11 v2.12 LaTeX color extensions (UK)

(c:/Program Files/texlive/2017/texmf-dist/tex/latex/graphics-cfg/color.cfg
File: color.cfg 2016/01/02 v1.6 sample color configuration
)
Package xcolor Info: Driver file: pdftex.def on input line 225.
Package xcolor Info: Model `cmy' substituted by `cmy0' on input line 1348.
Package xcolor Info: Model `hsb' substituted by `rgb' on input line 1352.
Package xcolor Info: Model `RGB' extended on input line 1364.
Package xcolor Info: Model `HTML' substituted by `rgb' on input line 1366.
Package xcolor Info: Model `Hsb' substituted by `hsb' on input line 1367.
Package xcolor Info: Model `tHsb' substituted by `hsb' on input line 1368.
Package xcolor Info: Model `HSB' substituted by `hsb' on input line 1369.
Package xcolor Info: Model `Gray' substituted by `gray' on input line 1370.
Package xcolor Info: Model `wave' substituted by `hsb' on input line 1371.
))
\AM@pagewidth=\dimen116
\AM@pageheight=\dimen117

(c:/Program Files/texlive/2017/texmf-dist/tex/latex/pdfpages/pppdftex.def
File: pppdftex.def 2017/06/14 v0.5i Pdfpages driver for pdfTeX (AM)
)
\AM@pagebox=\box26
\AM@global@opts=\toks15
\AM@toc@title=\toks16
\c@AM@survey=\count99
\AM@templatesizebox=\box27
)
(c:/Program Files/texlive/2017/texmf-dist/tex/latex/psnfss/times.sty
Package: times 2005/04/12 PSNFSS-v9.2a (SPQR) 
)
(c:/Program Files/texlive/2017/texmf-dist/tex/latex/setspace/setspace.sty
Package: setspace 2011/12/19 v6.7a set line spacing
)
(c:/Program Files/texlive/2017/texmf-dist/tex/latex/carlisle/remreset.sty)
(c:/Program Files/texlive/2017/texmf-dist/tex/latex/tools/xspace.sty
Package: xspace 2014/10/28 v1.13 Space after command names (DPC,MH)
)
(c:/Program Files/texlive/2017/texmf-dist/tex/latex/listings/listings.sty
\lst@mode=\count100
\lst@gtempboxa=\box28
\lst@token=\toks17
\lst@length=\count101
\lst@currlwidth=\dimen118
\lst@column=\count102
\lst@pos=\count103
\lst@lostspace=\dimen119
\lst@width=\dimen120
\lst@newlines=\count104
\lst@lineno=\count105
\lst@maxwidth=\dimen121

(c:/Program Files/texlive/2017/texmf-dist/tex/latex/listings/lstmisc.sty
File: lstmisc.sty 2015/06/04 1.6 (Carsten Heinz)
\c@lstnumber=\count106
\lst@skipnumbers=\count107
\lst@framebox=\box29
)
(c:/Program Files/texlive/2017/texmf-dist/tex/latex/listings/listings.cfg
File: listings.cfg 2015/06/04 1.6 listings configuration
))
Package: listings 2015/06/04 1.6 (Carsten Heinz)

(c:/Program Files/texlive/2017/texmf-dist/tex/latex/amsmath/amsmath.sty
Package: amsmath 2016/11/05 v2.16a AMS math features
\@mathmargin=\skip51

For additional information on amsmath, use the `?' option.
(c:/Program Files/texlive/2017/texmf-dist/tex/latex/amsmath/amstext.sty
Package: amstext 2000/06/29 v2.01 AMS text

(c:/Program Files/texlive/2017/texmf-dist/tex/latex/amsmath/amsgen.sty
File: amsgen.sty 1999/11/30 v2.0 generic functions
\@emptytoks=\toks18
\ex@=\dimen122
))
(c:/Program Files/texlive/2017/texmf-dist/tex/latex/amsmath/amsbsy.sty
Package: amsbsy 1999/11/29 v1.2d Bold Symbols
\pmbraise@=\dimen123
)
(c:/Program Files/texlive/2017/texmf-dist/tex/latex/amsmath/amsopn.sty
Package: amsopn 2016/03/08 v2.02 operator names
)
\inf@bad=\count108
LaTeX Info: Redefining \frac on input line 213.
\uproot@=\count109
\leftroot@=\count110
LaTeX Info: Redefining \overline on input line 375.
\classnum@=\count111
\DOTSCASE@=\count112
LaTeX Info: Redefining \ldots on input line 472.
LaTeX Info: Redefining \dots on input line 475.
LaTeX Info: Redefining \cdots on input line 596.
\Mathstrutbox@=\box30
\strutbox@=\box31
\big@size=\dimen124
LaTeX Font Info:    Redeclaring font encoding OML on input line 712.
LaTeX Font Info:    Redeclaring font encoding OMS on input line 713.
\macc@depth=\count113
\c@MaxMatrixCols=\count114
\dotsspace@=\muskip10
\c@parentequation=\count115
\dspbrk@lvl=\count116
\tag@help=\toks19
\row@=\count117
\column@=\count118
\maxfields@=\count119
\andhelp@=\toks20
\eqnshift@=\dimen125
\alignsep@=\dimen126
\tagshift@=\dimen127
\tagwidth@=\dimen128
\totwidth@=\dimen129
\lineht@=\dimen130
\@envbody=\toks21
\multlinegap=\skip52
\multlinetaggap=\skip53
\mathdisplay@stack=\toks22
LaTeX Info: Redefining \[ on input line 2817.
LaTeX Info: Redefining \] on input line 2818.
)
(c:/Program Files/texlive/2017/texmf-dist/tex/latex/hyperref/hyperref.sty
Package: hyperref 2017/03/14 v6.85a Hypertext links for LaTeX

(c:/Program Files/texlive/2017/texmf-dist/tex/generic/oberdiek/hobsub-hyperref.
sty
Package: hobsub-hyperref 2016/05/16 v1.14 Bundle oberdiek, subset hyperref (HO)


(c:/Program Files/texlive/2017/texmf-dist/tex/generic/oberdiek/hobsub-generic.s
ty
Package: hobsub-generic 2016/05/16 v1.14 Bundle oberdiek, subset generic (HO)
Package: hobsub 2016/05/16 v1.14 Construct package bundles (HO)
Package hobsub Info: Skipping package `infwarerr' (already loaded).
Package hobsub Info: Skipping package `ltxcmds' (already loaded).
Package: ifluatex 2016/05/16 v1.4 Provides the ifluatex switch (HO)
Package ifluatex Info: LuaTeX not detected.
Package: ifvtex 2016/05/16 v1.6 Detect VTeX and its facilities (HO)
Package ifvtex Info: VTeX not detected.
Package: intcalc 2016/05/16 v1.2 Expandable calculations with integers (HO)
Package hobsub Info: Skipping package `ifpdf' (already loaded).
Package: etexcmds 2016/05/16 v1.6 Avoid name clashes with e-TeX commands (HO)
Package etexcmds Info: Could not find \expanded.
(etexcmds)             That can mean that you are not using pdfTeX 1.50 or
(etexcmds)             that some package has redefined \expanded.
(etexcmds)             In the latter case, load this package earlier.
Package: kvsetkeys 2016/05/16 v1.17 Key value parser (HO)
Package: kvdefinekeys 2016/05/16 v1.4 Define keys (HO)
Package: pdftexcmds 2017/03/19 v0.25 Utility functions of pdfTeX for LuaTeX (HO
)
Package pdftexcmds Info: LuaTeX not detected.
Package pdftexcmds Info: \pdf@primitive is available.
Package pdftexcmds Info: \pdf@ifprimitive is available.
Package pdftexcmds Info: \pdfdraftmode found.
Package: pdfescape 2016/05/16 v1.14 Implements pdfTeX's escape features (HO)
Package: bigintcalc 2016/05/16 v1.4 Expandable calculations on big integers (HO
)
Package: bitset 2016/05/16 v1.2 Handle bit-vector datatype (HO)
Package: uniquecounter 2016/05/16 v1.3 Provide unlimited unique counter (HO)
)
Package hobsub Info: Skipping package `hobsub' (already loaded).
Package: letltxmacro 2016/05/16 v1.5 Let assignment for LaTeX macros (HO)
Package: hopatch 2016/05/16 v1.3 Wrapper for package hooks (HO)
Package: xcolor-patch 2016/05/16 xcolor patch
Package: atveryend 2016/05/16 v1.9 Hooks at the very end of document (HO)
Package atveryend Info: \enddocument detected (standard20110627).
Package hobsub Info: Skipping package `atbegshi' (already loaded).
Package: refcount 2016/05/16 v3.5 Data extraction from label references (HO)
Package: hycolor 2016/05/16 v1.8 Color options for hyperref/bookmark (HO)
) (c:/Program Files/texlive/2017/texmf-dist/tex/generic/ifxetex/ifxetex.sty
Package: ifxetex 2010/09/12 v0.6 Provides ifxetex conditional
) (c:/Program Files/texlive/2017/texmf-dist/tex/latex/oberdiek/auxhook.sty
Package: auxhook 2016/05/16 v1.4 Hooks for auxiliary files (HO)
)
(c:/Program Files/texlive/2017/texmf-dist/tex/latex/oberdiek/kvoptions.sty
Package: kvoptions 2016/05/16 v3.12 Key value format for package options (HO)
)
\@linkdim=\dimen131
\Hy@linkcounter=\count120
\Hy@pagecounter=\count121

(c:/Program Files/texlive/2017/texmf-dist/tex/latex/hyperref/pd1enc.def
File: pd1enc.def 2017/03/14 v6.85a Hyperref: PDFDocEncoding definition (HO)
)
\Hy@SavedSpaceFactor=\count122

(c:/Program Files/texlive/2017/texmf-dist/tex/latex/latexconfig/hyperref.cfg
File: hyperref.cfg 2002/06/06 v1.2 hyperref configuration of TeXLive
)
Package hyperref Info: Hyper figures OFF on input line 4498.
Package hyperref Info: Link nesting OFF on input line 4503.
Package hyperref Info: Hyper index ON on input line 4506.
Package hyperref Info: Plain pages OFF on input line 4513.
Package hyperref Info: Backreferencing OFF on input line 4518.
Package hyperref Info: Implicit mode ON; LaTeX internals redefined.
Package hyperref Info: Bookmarks ON on input line 4751.
\c@Hy@tempcnt=\count123

(c:/Program Files/texlive/2017/texmf-dist/tex/latex/url/url.sty
\Urlmuskip=\muskip11
Package: url 2013/09/16  ver 3.4  Verb mode for urls, etc.
)
LaTeX Info: Redefining \url on input line 5104.
\XeTeXLinkMargin=\dimen132
\Fld@menulength=\count124
\Field@Width=\dimen133
\Fld@charsize=\dimen134
Package hyperref Info: Hyper figures OFF on input line 6358.
Package hyperref Info: Link nesting OFF on input line 6363.
Package hyperref Info: Hyper index ON on input line 6366.
Package hyperref Info: backreferencing OFF on input line 6373.
Package hyperref Info: Link coloring OFF on input line 6378.
Package hyperref Info: Link coloring with OCG OFF on input line 6383.
Package hyperref Info: PDF/A mode OFF on input line 6388.
LaTeX Info: Redefining \ref on input line 6428.
LaTeX Info: Redefining \pageref on input line 6432.
\Hy@abspage=\count125
\c@Item=\count126
\c@Hfootnote=\count127
)

Package hyperref Message: Driver (autodetected): hpdftex.

(c:/Program Files/texlive/2017/texmf-dist/tex/latex/hyperref/hpdftex.def
File: hpdftex.def 2017/03/14 v6.85a Hyperref driver for pdfTeX
\Fld@listcount=\count128
\c@bookmark@seq@number=\count129

(c:/Program Files/texlive/2017/texmf-dist/tex/latex/oberdiek/rerunfilecheck.sty
Package: rerunfilecheck 2016/05/16 v1.8 Rerun checks for auxiliary files (HO)
Package uniquecounter Info: New unique counter `rerunfilecheck' on input line 2
82.
)
\Hy@SectionHShift=\skip54
) (c:/Program Files/texlive/2017/texmf-dist/tex/latex/bbm-macros/bbm.sty
Package: bbm 1999/03/15 V 1.2 provides fonts for set symbols - TH
LaTeX Font Info:    Overwriting math alphabet `\mathbbm' in version `bold'
(Font)                  U/bbm/m/n --> U/bbm/bx/n on input line 33.
LaTeX Font Info:    Overwriting math alphabet `\mathbbmss' in version `bold'
(Font)                  U/bbmss/m/n --> U/bbmss/bx/n on input line 35.
)
(c:/Program Files/texlive/2017/texmf-dist/tex/latex/soul/soul.sty
Package: soul 2003/11/17 v2.4 letterspacing/underlining (mf)
\SOUL@word=\toks23
\SOUL@lasttoken=\toks24
\SOUL@cmds=\toks25
\SOUL@buffer=\toks26
\SOUL@token=\toks27
\SOUL@spaceskip=\skip55
\SOUL@ttwidth=\dimen135
\SOUL@uldp=\dimen136
\SOUL@ulht=\dimen137
)
(c:/Program Files/texlive/2017/texmf-dist/tex/latex/amsfonts/amssymb.sty
Package: amssymb 2013/01/14 v3.01 AMS font symbols

(c:/Program Files/texlive/2017/texmf-dist/tex/latex/amsfonts/amsfonts.sty
Package: amsfonts 2013/01/14 v3.01 Basic AMSFonts support
\symAMSa=\mathgroup4
\symAMSb=\mathgroup5
LaTeX Font Info:    Overwriting math alphabet `\mathfrak' in version `bold'
(Font)                  U/euf/m/n --> U/euf/b/n on input line 106.
))
(c:/Program Files/texlive/2017/texmf-dist/tex/generic/ulem/ulem.sty
\UL@box=\box32
\UL@hyphenbox=\box33
\UL@skip=\skip56
\UL@hook=\toks28
\UL@height=\dimen138
\UL@pe=\count130
\UL@pixel=\dimen139
\ULC@box=\box34
Package: ulem 2012/05/18
\ULdepth=\dimen140
)
(c:/Program Files/texlive/2017/texmf-dist/tex/latex/natbib/natbib.sty
Package: natbib 2010/09/13 8.31b (PWD, AO)
\bibhang=\skip57
\bibsep=\skip58
LaTeX Info: Redefining \cite on input line 694.
\c@NAT@ctr=\count131
)
(c:/Program Files/texlive/2017/texmf-dist/tex/latex/tools/layout.sty
Package: layout 2014/10/28 v1.2c Show layout parameters
\oneinch=\count132
\cnt@paperwidth=\count133
\cnt@paperheight=\count134
\cnt@hoffset=\count135
\cnt@voffset=\count136
\cnt@textheight=\count137
\cnt@textwidth=\count138
\cnt@topmargin=\count139
\cnt@oddsidemargin=\count140
\cnt@evensidemargin=\count141
\cnt@headheight=\count142
\cnt@headsep=\count143
\cnt@marginparsep=\count144
\cnt@marginparwidth=\count145
\cnt@marginparpush=\count146
\cnt@footskip=\count147
\fheight=\count148
\ref@top=\count149
\ref@hoffset=\count150
\ref@voffset=\count151
\ref@head=\count152
\ref@body=\count153
\ref@foot=\count154
\ref@margin=\count155
\ref@marginwidth=\count156
\ref@marginpar=\count157
\Interval=\count158
\ExtraYPos=\count159
\PositionX=\count160
\PositionY=\count161
\ArrowLength=\count162
)
(c:/Program Files/texlive/2017/texmf-dist/tex/latex/eurosym/eurosym.sty
Package: eurosym 1998/08/06 v1.1 European currency symbol ``Euro''
\@eurobox=\box35
)
(c:/Program Files/texlive/2017/texmf-dist/tex/latex/titlesec/titlesec.sty
Package: titlesec 2016/03/21 v2.10.2 Sectioning titles
\ttl@box=\box36
\beforetitleunit=\skip59
\aftertitleunit=\skip60
\ttl@plus=\dimen141
\ttl@minus=\dimen142
\ttl@toksa=\toks29
\titlewidth=\dimen143
\titlewidthlast=\dimen144
\titlewidthfirst=\dimen145
)
(c:/Program Files/texlive/2017/texmf-dist/tex/latex/graphics/lscape.sty
Package: lscape 2000/10/22 v3.01 Landscape Pages (DPC)
)
(c:/Program Files/texlive/2017/texmf-dist/tex/latex/hyphenat/hyphenat.sty
Package: hyphenat 2009/09/02 v2.3c hyphenation utilities
\langwohyphens=\language84
LaTeX Info: Redefining \_ on input line 43.
)
\c@hypothesis=\count163

(c:/Program Files/texlive/2017/texmf-dist/tex/latex/float/float.sty
Package: float 2001/11/08 v1.3d Float enhancements (AL)
\c@float@type=\count164
\float@exts=\toks30
\float@box=\box37
\@float@everytoks=\toks31
\@floatcapt=\box38
)
(c:/Program Files/texlive/2017/texmf-dist/tex/latex/tools/array.sty
Package: array 2016/10/06 v2.4d Tabular extension package (FMi)
\col@sep=\dimen146
\extrarowheight=\dimen147
\NC@list=\toks32
\extratabsurround=\skip61
\backup@length=\skip62
)
(c:/Program Files/texlive/2017/texmf-dist/tex/latex/multirow/multirow.sty
Package: multirow 2016/11/25 v2.2 Span multiple rows of a table
\multirow@colwidth=\skip63
\multirow@cntb=\count165
\multirow@dima=\skip64
\bigstrutjot=\dimen148
)
(c:/Program Files/texlive/2017/texmf-dist/tex/latex/arydshln/arydshln.sty
Package: arydshln 2016/04/28 v1.73 
\dashlinedash=\dimen149
\dashlinegap=\dimen150
\adl@box=\box39
\adl@height=\dimen151
\adl@heightsave=\dimen152
\adl@depth=\dimen153
\adl@depthsave=\dimen154
\adl@finaldepth=\dimen155
\adl@columns=\count166
\adl@ncol=\count167
\adl@currentcolumn=\count168
\adl@currentcolumnsave=\count169
\adl@totalheight=\count170
\adl@totalheightsave=\count171
\adl@dash=\count172
\adl@gap=\count173
\adl@cla=\count174
\adl@clb=\count175
\adl@everyvbox=\toks33
\adl@LTpagetotal=\dimen156
)
(c:/Program Files/texlive/2017/texmf-dist/tex/latex/geometry/geometry.sty
Package: geometry 2010/09/12 v5.6 Page Geometry
\Gm@cnth=\count176
\Gm@cntv=\count177
\c@Gm@tempcnt=\count178
\Gm@bindingoffset=\dimen157
\Gm@wd@mp=\dimen158
\Gm@odd@mp=\dimen159
\Gm@even@mp=\dimen160
\Gm@layoutwidth=\dimen161
\Gm@layoutheight=\dimen162
\Gm@layouthoffset=\dimen163
\Gm@layoutvoffset=\dimen164
\Gm@dimlist=\toks34
)
(c:/Program Files/texlive/2017/texmf-dist/tex/latex/booktabs/booktabs.sty
Package: booktabs 2016/04/27 v1.618033 publication quality tables
\heavyrulewidth=\dimen165
\lightrulewidth=\dimen166
\cmidrulewidth=\dimen167
\belowrulesep=\dimen168
\belowbottomsep=\dimen169
\aboverulesep=\dimen170
\abovetopsep=\dimen171
\cmidrulesep=\dimen172
\cmidrulekern=\dimen173
\defaultaddspace=\dimen174
\@cmidla=\count179
\@cmidlb=\count180
\@aboverulesep=\dimen175
\@belowrulesep=\dimen176
\@thisruleclass=\count181
\@lastruleclass=\count182
\@thisrulewidth=\dimen177
)
(./Creativity_Bradler_et_al.aux

LaTeX Warning: Label `instructions' multiply defined.


LaTeX Warning: Label `tab:Summary_Statistics' multiply defined.


LaTeX Warning: Label `tab:Summary_Statistics' multiply defined.


LaTeX Warning: Label `tab:Feedback' multiply defined.

)
\openout1 = `Creativity_Bradler_et_al.aux'.

LaTeX Font Info:    Checking defaults for OML/cmm/m/it on input line 48.
LaTeX Font Info:    ... okay on input line 48.
LaTeX Font Info:    Checking defaults for T1/cmr/m/n on input line 48.
LaTeX Font Info:    ... okay on input line 48.
LaTeX Font Info:    Checking defaults for OT1/cmr/m/n on input line 48.
LaTeX Font Info:    ... okay on input line 48.
LaTeX Font Info:    Checking defaults for OMS/cmsy/m/n on input line 48.
LaTeX Font Info:    ... okay on input line 48.
LaTeX Font Info:    Checking defaults for OMX/cmex/m/n on input line 48.
LaTeX Font Info:    ... okay on input line 48.
LaTeX Font Info:    Checking defaults for U/cmr/m/n on input line 48.
LaTeX Font Info:    ... okay on input line 48.
LaTeX Font Info:    Checking defaults for PD1/pdf/m/n on input line 48.
LaTeX Font Info:    ... okay on input line 48.
LaTeX Font Info:    Try loading font information for T1+ptm on input line 48.
 (c:/Program Files/texlive/2017/texmf-dist/tex/latex/psnfss/t1ptm.fd
File: t1ptm.fd 2001/06/04 font definitions for T1/ptm.
)
Package caption Info: Begin \AtBeginDocument code.
Package caption Info: subfig package v1.3 is loaded.
Package caption Info: float package is loaded.
Package caption Info: hyperref package is loaded.
Package caption Info: listings package is loaded.
Package caption Info: End \AtBeginDocument code.

(c:/Program Files/texlive/2017/texmf-dist/tex/context/base/mkii/supp-pdf.mkii
[Loading MPS to PDF converter (version 2006.09.02).]
\scratchcounter=\count183
\scratchdimen=\dimen178
\scratchbox=\box40
\nofMPsegments=\count184
\nofMParguments=\count185
\everyMPshowfont=\toks35
\MPscratchCnt=\count186
\MPscratchDim=\dimen179
\MPnumerator=\count187
\makeMPintoPDFobject=\count188
\everyMPtoPDFconversion=\toks36
)
(c:/Program Files/texlive/2017/texmf-dist/tex/latex/oberdiek/epstopdf-base.sty
Package: epstopdf-base 2016/05/15 v2.6 Base part for package epstopdf

(c:/Program Files/texlive/2017/texmf-dist/tex/latex/oberdiek/grfext.sty
Package: grfext 2016/05/16 v1.2 Manage graphics extensions (HO)
)
Package epstopdf-base Info: Redefining graphics rule for `.eps' on input line 4
38.
Package grfext Info: Graphics extension search list:
(grfext)             [.pdf,.png,.jpg,.mps,.jpeg,.jbig2,.jb2,.PDF,.PNG,.JPG,.JPE
G,.JBIG2,.JB2,.eps]
(grfext)             \AppendGraphicsExtensions on input line 456.

(c:/Program Files/texlive/2017/texmf-dist/tex/latex/latexconfig/epstopdf-sys.cf
g
File: epstopdf-sys.cfg 2010/07/13 v1.3 Configuration of (r)epstopdf for TeX Liv
e
))
\AtBeginShipoutBox=\box41
 (c:/Program Files/texlive/2017/texmf-dist/tex/latex/oberdiek/pdflscape.sty
Package: pdflscape 2016/05/14 v0.11 Display of landscape pages in PDF (HO)
Package pdflscape Info: Auto-detected driver: pdftex on input line 81.
)
\c@lstlisting=\count189
Package hyperref Info: Link coloring OFF on input line 48.
(c:/Program Files/texlive/2017/texmf-dist/tex/latex/hyperref/nameref.sty
Package: nameref 2016/05/21 v2.44 Cross-referencing by name of section

(c:/Program Files/texlive/2017/texmf-dist/tex/generic/oberdiek/gettitlestring.s
ty
Package: gettitlestring 2016/05/16 v1.5 Cleanup title references (HO)
)
\c@section@level=\count190
)
LaTeX Info: Redefining \ref on input line 48.
LaTeX Info: Redefining \pageref on input line 48.
LaTeX Info: Redefining \nameref on input line 48.
 (./Creativity_Bradler_et_al.out) (./Creativity_Bradler_et_al.out)
\@outlinefile=\write3
\openout3 = `Creativity_Bradler_et_al.out'.


*geometry* driver: auto-detecting
*geometry* detected driver: pdftex
*geometry* verbose mode - [ preamble ] result:
* driver: pdftex
* paper: a4paper
* layout: <same size as paper>
* layoutoffset:(h,v)=(0.0pt,0.0pt)
* modes: 
* h-part:(L,W,R)=(89.62709pt, 418.25368pt, 89.6271pt)
* v-part:(T,H,B)=(101.40665pt, 591.5302pt, 152.11pt)
* \paperwidth=597.50787pt
* \paperheight=845.04684pt
* \textwidth=455.24408pt
* \textheight=682.86613pt
* \oddsidemargin=22.76219pt
* \evensidemargin=-22.76219pt
* \topmargin=-22.76219pt
* \headheight=12.0pt
* \headsep=25.0pt
* \topskip=0.0pt
* \footskip=30.0pt
* \marginparwidth=35.0pt
* \marginparsep=10.0pt
* \columnsep=10.0pt
* \skip\footins=10.8pt plus 4.0pt minus 2.0pt
* \hoffset=0.0pt
* \voffset=0.0pt
* \mag=1000
* \@twocolumnfalse
* \@twosidefalse
* \@mparswitchfalse
* \@reversemarginfalse
* (1in=72.27pt=25.4mm, 1cm=28.453pt)

LaTeX Font Info:    Try loading font information for U+msa on input line 58.
(c:/Program Files/texlive/2017/texmf-dist/tex/latex/amsfonts/umsa.fd
File: umsa.fd 2013/01/14 v3.01 AMS symbols A
)
LaTeX Font Info:    Try loading font information for U+msb on input line 58.

(c:/Program Files/texlive/2017/texmf-dist/tex/latex/amsfonts/umsb.fd
File: umsb.fd 2013/01/14 v3.01 AMS symbols B
)
LaTeX Font Info:    Try loading font information for OMS+ptm on input line 58.

(c:/Program Files/texlive/2017/texmf-dist/tex/latex/psnfss/omsptm.fd
File: omsptm.fd 
)
LaTeX Font Info:    Font shape `OMS/ptm/m/n' in size <14.4> not available
(Font)              Font shape `OMS/cmsy/m/n' tried instead on input line 58.
LaTeX Font Info:    Font shape `OMS/ptm/m/n' in size <10> not available
(Font)              Font shape `OMS/cmsy/m/n' tried instead on input line 58.
LaTeX Font Info:    Font shape `OMS/ptm/m/n' in size <7> not available
(Font)              Font shape `OMS/cmsy/m/n' tried instead on input line 58.
LaTeX Font Info:    Font shape `T1/ptm/bx/n' in size <10.95> not available
(Font)              Font shape `T1/ptm/b/n' tried instead on input line 60.
 [1

{c:/Program Files/texlive/2017/texmf-var/fonts/map/pdftex/updmap/pdftex.map}]
LaTeX Font Info:    Font shape `T1/ptm/bx/n' in size <17.28> not available
(Font)              Font shape `T1/ptm/b/n' tried instead on input line 89.

(./1_Introduction_150809.tex
LaTeX Font Info:    Font shape `T1/ptm/bx/n' in size <10> not available
(Font)              Font shape `T1/ptm/b/n' tried instead on input line 47.


LaTeX Warning: Reference `XXX - experimental design' on page 1 undefined on inp
ut line 47.


LaTeX Warning: Reference `conclusion' on page 1 undefined on input line 47.

pdfTeX warning (ext4): destination with the same identifier (name{page.1}) has 
been already used, duplicate ignored
<to be read again> 
                   \relax 
l.100 W
       e find a strong positive performance response to the introduction of ...
[1] [2]
LaTeX Font Info:    Font shape `T1/ptm/bx/n' in size <12> not available
(Font)              Font shape `T1/ptm/b/n' tried instead on input line 235.


LaTeX Warning: Reference `chap:suppl' on page 3 undefined on input line 235.

) (./1.5_Literature.tex [3]) (./4_Experiment_150313.tex [4]
LaTeX Font Info:    Font shape `T1/ptm/bx/n' in size <14.4> not available
(Font)              Font shape `T1/ptm/b/n' tried instead on input line 10.
 [5] [6] [7]
[8] [9] [10]) (./5_simple_and_main_analyses.tex [11] [12]
LaTeX Font Info:    Try loading font information for U+bbm on input line 90.

(c:/Program Files/texlive/2017/texmf-dist/tex/latex/bbm-macros/ubbm.fd
File: ubbm.fd 1999/03/15 V 1.2 Font definition for bbm font - TH
)
[13] [14] [15] [16] [17] [18] [19]) (./7_Discussion_Conclusion_150204.tex
[20] [21] [22]) [23] (./Creativity_Bradler_et_al.bbl
Underfull \hbox (badness 1769) in paragraph at lines 20--22
[]\T1/ptm/m/n/12 Amabile, T. M., 2013. En-cy-clo-pe-dia of Man-age-ment The-ory
. Sage Pub-li-ca-tions, Ch.
 []

[24]
Underfull \hbox (badness 1596) in paragraph at lines 92--95
\T1/ptm/m/n/12 ex-am-i-na-tion. the role of dull and cre-ative tasks. Jour-nal 
of Eco-nomic Be-hav-ior &
 []


Underfull \hbox (badness 1552) in paragraph at lines 118--120
[]\T1/ptm/m/n/12 Eriksson, T., Teyssier, S., Vill-e-val, M.-C., 2009. Self-sele
ction and the ef-fi-ciency of
 []

[25] [26]) [27] (./10b_Appendix_Figures_150921.tex
<Graphs/Structure.png, id=493, 963.6pt x 542.025pt>
File: Graphs/Structure.png Graphic file (type png)
<use Graphs/Structure.png>
Package pdftex.def Info: Graphs/Structure.png  used on input line 5. on input l
ine 5.
Package pdftex.def Info: Requested size: 364.19664pt x 204.8551pt on input line
 5.
 [28 <./Graphs/Structure.png>]
<Graphs/screenshot_slidertask2.png, id=500, 843.90282pt x 578.16pt>
File: Graphs/screenshot_slidertask2.png Graphic file (type png)
<use Graphs/screenshot_slidertask2.png>
Package pdftex.def Info: Graphs/screenshot_slidertask2.png  used on input line 
23. on input line 23.
Package pdftex.def Info: Requested size: 364.19664pt x 249.51262pt on input lin
e 23.
 [29 <./Graphs/screenshot_slidertask2.png>]
<Graphs/Figure4a_paired_final2.pdf, id=505, pagebox=cropbox, 397.485pt x 289.08
pt>
File: Graphs/Figure4a_paired_final2.pdf Graphic file (type pdf)
<use Graphs/Figure4a_paired_final2.pdf>
Package pdftex.def Info: Graphs/Figure4a_paired_final2.pdf  used on input line 
39. on input line 39.
Package pdftex.def Info: Requested size: 204.85844pt x 148.99033pt on input lin
e 39.
<Graphs/Figure4b_paired_final2.pdf, id=506, pagebox=cropbox, 397.485pt x 289.08
pt>
File: Graphs/Figure4b_paired_final2.pdf Graphic file (type pdf)
<use Graphs/Figure4b_paired_final2.pdf>
Package pdftex.def Info: Graphs/Figure4b_paired_final2.pdf  used on input line 
41. on input line 41.
Package pdftex.def Info: Requested size: 204.85844pt x 148.99033pt on input lin
e 41.
 [30 <./Graphs/Figure4a_paired_final2.pdf> <./Graphs/Figure4b_paired_final2.pdf
>]
<Graphs/160308_Neg_Bonus_Dec.png, id=520, 481.8pt x 481.8pt>
File: Graphs/160308_Neg_Bonus_Dec.png Graphic file (type png)
<use Graphs/160308_Neg_Bonus_Dec.png>
Package pdftex.def Info: Graphs/160308_Neg_Bonus_Dec.png  used on input line 58
. on input line 58.
Package pdftex.def Info: Requested size: 341.43306pt x 341.4408pt on input line
 58.
 [31 <./Graphs/160308_Neg_Bonus_Dec.png>]
<Graphs/Figure5_new.pdf, id=526, pagebox=cropbox, 397.485pt x 289.08pt>
File: Graphs/Figure5_new.pdf Graphic file (type pdf)
<use Graphs/Figure5_new.pdf>
Package pdftex.def Info: Graphs/Figure5_new.pdf  used on input line 81. on inpu
t line 81.
Package pdftex.def Info: Requested size: 341.43306pt x 248.32164pt on input lin
e 81.

Underfull \hbox (badness 1789) in paragraph at lines 86--87
[]\T1/ptm/m/it/10 Note: \T1/ptm/m/n/10 The bars show the es-ti-mated re-gres-si
on co-ef-fi-cients of sep-a-rate OLS
 []

[32 <./Graphs/Figure5_new.pdf>]
<Graphs/Figure5a_paired_final3.pdf, id=534, pagebox=cropbox, 397.485pt x 289.08
pt>
File: Graphs/Figure5a_paired_final3.pdf Graphic file (type pdf)
<use Graphs/Figure5a_paired_final3.pdf>
Package pdftex.def Info: Graphs/Figure5a_paired_final3.pdf  used on input line 
98. on input line 98.
Package pdftex.def Info: Requested size: 204.85844pt x 148.99033pt on input lin
e 98.
<Graphs/Figure5b_paired_final3.pdf, id=535, pagebox=cropbox, 397.485pt x 289.08
pt>
File: Graphs/Figure5b_paired_final3.pdf Graphic file (type pdf)
<use Graphs/Figure5b_paired_final3.pdf>
Package pdftex.def Info: Graphs/Figure5b_paired_final3.pdf  used on input line 
100. on input line 100.
Package pdftex.def Info: Requested size: 204.85844pt x 148.99033pt on input lin
e 100.
 [33 <./Graphs/Figure5a_paired_final3.pdf> <./Graphs/Figure5b_paired_final3.pdf
>]) (./10a_Appendix_Tables_151212.tex
(./Tables/Table_1_Creative_Answers_150114.tex)
(./Tables/Table_3_Summary_Statistics_Appendix.tex [34] [35])
(./Tables/Table_4_Pooled_Trans_v2.tex) [36


] (./Tables/Creative_Transfer.tex)
(./Tables/Table_7_Dimensions_Creativity_170713.tex [37] [38]))
(./Instructions_final.tex
Underfull \hbox (badness 10000) in paragraph at lines 12--14

 []


Underfull \hbox (badness 10000) in paragraph at lines 17--19

 []


Underfull \hbox (badness 10000) in paragraph at lines 22--28

 []

[39




]
Underfull \hbox (badness 10000) in paragraph at lines 30--31

 []


Underfull \hbox (badness 10000) in paragraph at lines 35--39

 []

[40]
Underfull \hbox (badness 10000) in paragraph at lines 74--76

 []


Underfull \hbox (badness 10000) in paragraph at lines 84--87

 []

[41]) [42] (./20_Webappendix.tex (./Tables/Table_2_Pay_Off_Design_150921.tex
[43

] [44]) (./Tables/WebAppendix/Table_3_Summary_Statistics_Webappendix.tex
Overfull \hbox (11.43954pt too wide) in paragraph at lines 6--46
 [] 
 []

[45]) (./Tables/WebAppendix/Robustness_Check_Originality.tex [46])
(./Tables/WebAppendix/Table_Ex-Post_Short.tex
Underfull \hbox (badness 10000) in paragraph at lines 36--38

 []

) [47






] (./Tables/WebAppendix/Table_Feedback.tex) [48]
(./Tables/WebAppendix/Table_9_Regression_EKE_KEK_150111.tex [49

])
(./Tables/WebAppendix/Table_6_Breaks_170713.tex
Underfull \hbox (badness 1817) in paragraph at lines 43--45
\T1/ptm/m/n/10 The es-ti-ma-tion in-cludes all agents from the Con-trol Group a
s well as
 []


Underfull \hbox (badness 1052) in paragraph at lines 43--45
\T1/ptm/m/n/10 anal-y-sis. Heteroscedasticity-robust stan-dard er-rors in-clud-
ing a de-gree of
 []

[50

]
Overfull \vbox (22.54665pt too high) has occurred while \output is active []


[51]))
Package atveryend Info: Empty hook `BeforeClearDocument' on input line 138.
Package atveryend Info: Empty hook `AfterLastShipout' on input line 138.
 (./Creativity_Bradler_et_al.aux)
Package atveryend Info: Executing hook `AtVeryEndDocument' on input line 138.
Package atveryend Info: Executing hook `AtEndAfterFileList' on input line 138.
Package rerunfilecheck Info: File `Creativity_Bradler_et_al.out' has not change
d.
(rerunfilecheck)             Checksum: 3DA571614F02CEBD4AAED5AC125709A5;743.


LaTeX Warning: There were undefined references.


LaTeX Warning: There were multiply-defined labels.

Package atveryend Info: Empty hook `AtVeryVeryEnd' on input line 138.
 ) 
Here is how much of TeX's memory you used:
 12621 strings out of 492990
 187550 string characters out of 6129798
 305339 words of memory out of 5000000
 15689 multiletter control sequences out of 15000+600000
 61629 words of font info for 100 fonts, out of 8000000 for 9000
 1141 hyphenation exceptions out of 8191
 44i,12n,42p,1556b,532s stack positions out of 5000i,500n,10000p,200000b,80000s
 <c:/Users/awa/.texlive2017/texmf-var/fonts/pk/ljfour/public/bbm/bbm10.657pk>
{c:/Program Files/texlive/2017/texmf-dist/fonts/enc/dvips/base/8r.enc}<c:/Progr
am Files/texlive/2017/texmf-dist/fonts/type1/public/amsfonts/cm/cmmi10.pfb><c:/
Program Files/texlive/2017/texmf-dist/fonts/type1/public/amsfonts/cm/cmmi12.pfb
><c:/Program Files/texlive/2017/texmf-dist/fonts/type1/public/amsfonts/cm/cmmi6
.pfb><c:/Program Files/texlive/2017/texmf-dist/fonts/type1/public/amsfonts/cm/c
mmi7.pfb><c:/Program Files/texlive/2017/texmf-dist/fonts/type1/public/amsfonts/
cm/cmmi8.pfb><c:/Program Files/texlive/2017/texmf-dist/fonts/type1/public/amsfo
nts/cm/cmr10.pfb><c:/Program Files/texlive/2017/texmf-dist/fonts/type1/public/a
msfonts/cm/cmr8.pfb><c:/Program Files/texlive/2017/texmf-dist/fonts/type1/publi
c/amsfonts/cm/cmsy10.pfb><c:/Program Files/texlive/2017/texmf-dist/fonts/type1/
public/amsfonts/cm/cmsy7.pfb><c:/Program Files/texlive/2017/texmf-dist/fonts/ty
pe1/urw/times/utmb8a.pfb><c:/Program Files/texlive/2017/texmf-dist/fonts/type1/
urw/times/utmr8a.pfb><c:/Program Files/texlive/2017/texmf-dist/fonts/type1/urw/
times/utmri8a.pfb>
Output written on Creativity_Bradler_et_al.pdf (52 pages, 313918 bytes).
PDF statistics:
 730 PDF objects out of 1000 (max. 8388607)
 646 compressed objects within 7 object streams
 179 named destinations out of 1000 (max. 500000)
 145 words of extra memory for PDF output out of 10000 (max. 10000000)

