---------------------------------------------------------------------------------------------------------------------------------------------------------------------------------
      name:  <unnamed>
       log:  C:\Users\gtierney\Dropbox (Personal)\creativity\Tables\slider_dummy.log
  log type:  text
 opened on:  16 Apr 2018, 13:10:24

. local treatments turnier turnXslid gift giftXslid slider

. eststo:  reg transfer2 `treatments' transfer1 transfer1Xslid $controls if (slider==1 | creative==1), robust 

Linear regression                               Number of obs     =        348
                                                F(17, 330)        =      48.11
                                                Prob > F          =     0.0000
                                                R-squared         =     0.5892
                                                Root MSE          =     8.7313

--------------------------------------------------------------------------------
               |               Robust
     transfer2 |      Coef.   Std. Err.      t    P>|t|     [95% Conf. Interval]
---------------+----------------------------------------------------------------
       turnier |   9.025484   1.920528     4.70   0.000     5.247462    12.80351
     turnXslid |  -.0387079   2.606397    -0.01   0.988    -5.165956    5.088541
          gift |   -.107159   1.474181    -0.07   0.942    -3.007136    2.792818
     giftXslid |   2.756184   2.159967     1.28   0.203    -1.492857    7.005225
        slider |   3.457126   2.296657     1.51   0.133    -1.060809     7.97506
     transfer1 |   .6590406   .0783964     8.41   0.000     .5048209    .8132604
transfer1Xslid |   .0289919   .0975745     0.30   0.767    -.1629547    .2209384
           age |  -.6176068   .4404635    -1.40   0.162    -1.484077    .2488635
          age2 |   .0078443   .0057384     1.37   0.173    -.0034441    .0191327
           sex |   .1043437   1.015187     0.10   0.918    -1.892711    2.101398
    ferienzeit |   .1735749   1.629959     0.11   0.915    -3.032845    3.379995
 pruefungszeit |   -1.06158   2.082953    -0.51   0.611    -5.159121    3.035961
          wiwi |  -2.103061   1.227162    -1.71   0.088    -4.517108    .3109858
         recht |  -3.699323   1.724784    -2.14   0.033    -7.092281   -.3063658
          nawi |   2.608643   1.580697     1.65   0.100     -.500871    5.718158
          gewi |  -.4331781   1.497082    -0.29   0.772    -3.378207     2.51185
      mannheim |   1.197423   1.049646     1.14   0.255    -.8674188    3.262264
         _cons |   15.76275   7.544884     2.09   0.037     .9206149    30.60488
--------------------------------------------------------------------------------
(est3 stored)

. get_pvals

 ( 1)  turnier - gift = 0

       F(  1,   330) =   23.87
            Prob > F =    0.0000

 ( 1)  turnier + turnXslid - gift - giftXslid = 0

       F(  1,   330) =   14.34
            Prob > F =    0.0002

 ( 1)  gift + giftXslid = 0

       F(  1,   330) =    2.79
            Prob > F =    0.0960

 ( 1)  turnier + turnXslid = 0

       F(  1,   330) =   24.66
            Prob > F =    0.0000

 ( 1)  gift = 2.649025

       F(  1,   330) =    3.50
            Prob > F =    0.0624
Test for tournament and gift having the same effect in creative task: 0.000
Test for tournament and gift having the same effect in slider task: .00018
Test for gift having zero effect in slider task: .09597
Test for tournament having zero effect in slider task: 0.000
Test for gift in slider task having effect size equal to point estimate of gift in creative task: .06242

. eststo:  reg ztransfer2 `treatments' ztransfer1 ztransfer1Xslid $controls if (slider==1 | creative==1), robust 

Linear regression                               Number of obs     =        348
                                                F(17, 330)        =      39.02
                                                Prob > F          =     0.0000
                                                R-squared         =     0.5636
                                                Root MSE          =     .70272

---------------------------------------------------------------------------------
                |               Robust
     ztransfer2 |      Coef.   Std. Err.      t    P>|t|     [95% Conf. Interval]
----------------+----------------------------------------------------------------
        turnier |   .7468997   .1590099     4.70   0.000     .4340988      1.0597
      turnXslid |  -.0530481   .2096173    -0.25   0.800    -.4654027    .3593066
           gift |  -.0094581   .1214929    -0.08   0.938    -.2484562    .2295401
      giftXslid |   .2139624   .1722828     1.24   0.215    -.1249486    .5528734
         slider |  -.0077989   .1342048    -0.06   0.954    -.2718037     .256206
     ztransfer1 |   .6376297   .0758125     8.41   0.000     .4884931    .7867664
ztransfer1Xslid |   .0283678   .0943438     0.30   0.764    -.1572232    .2139588
            age |  -.0496784   .0353871    -1.40   0.161    -.1192911    .0199344
           age2 |   .0006305   .0004605     1.37   0.172    -.0002754    .0015363
            sex |   .0067569   .0815093     0.08   0.934    -.1535864    .1671002
     ferienzeit |   .0166472   .1273968     0.13   0.896     -.233965    .2672595
  pruefungszeit |  -.0752985   .1671092    -0.45   0.653     -.404032    .2534351
           wiwi |  -.1707165   .0980536    -1.74   0.083    -.3636054    .0221724
          recht |  -.2934362   .1385718    -2.12   0.035    -.5660316   -.0208408
           nawi |   .2090663   .1267741     1.65   0.100     -.040321    .4584535
           gewi |  -.0367232   .1189578    -0.31   0.758    -.2707344    .1972881
       mannheim |   .0979999   .0842727     1.16   0.246    -.0677796    .2637794
          _cons |   .8810385   .5945878     1.48   0.139    -.2886219    2.050699
---------------------------------------------------------------------------------
(est4 stored)

. get_pvals

 ( 1)  turnier - gift = 0

       F(  1,   330) =   23.96
            Prob > F =    0.0000

 ( 1)  turnier + turnXslid - gift - giftXslid = 0

       F(  1,   330) =   14.17
            Prob > F =    0.0002

 ( 1)  gift + giftXslid = 0

       F(  1,   330) =    2.77
            Prob > F =    0.0971

 ( 1)  turnier + turnXslid = 0

       F(  1,   330) =   24.42
            Prob > F =    0.0000

 ( 1)  gift = .2045044

       F(  1,   330) =    3.10
            Prob > F =    0.0791
Test for tournament and gift having the same effect in creative task: 0.000
Test for tournament and gift having the same effect in slider task: .0002
Test for gift having zero effect in slider task: .09709
Test for tournament having zero effect in slider task: 0.000
Test for gift in slider task having effect size equal to point estimate of gift in creative task: .07915

. log close
      name:  <unnamed>
       log:  C:\Users\gtierney\Dropbox (Personal)\creativity\Tables\slider_dummy.log
  log type:  text
 closed on:  16 Apr 2018, 13:10:24
---------------------------------------------------------------------------------------------------------------------------------------------------------------------------------
